2017/05/22 18:51:01 [error] [exception.CHttpException.404] exception 'CHttpException' with message 'Unable to resolve the request "account/create".' in C:\xampp\htdocs\tryyii\framework\web\CWebApplication.php:286
Stack trace:
#0 C:\xampp\htdocs\tryyii\framework\web\CWebApplication.php(141): CWebApplication->runController('account/create')
#1 C:\xampp\htdocs\tryyii\framework\base\CApplication.php(185): CWebApplication->processRequest()
#2 C:\xampp\htdocs\harapanbaru\index.php(19): CApplication->run()
#3 {main}
REQUEST_URI=/harapanbaru/index.php?r=account/create
---
2017/05/23 02:16:18 [error] [exception.CHttpException.404] exception 'CHttpException' with message 'Unable to resolve the request "admin/user".' in C:\xampp\htdocs\tryyii\framework\web\CWebApplication.php:286
Stack trace:
#0 C:\xampp\htdocs\tryyii\framework\web\CWebApplication.php(141): CWebApplication->runController('admin/user')
#1 C:\xampp\htdocs\tryyii\framework\base\CApplication.php(185): CWebApplication->processRequest()
#2 C:\xampp\htdocs\harapanbaru\index.php(19): CApplication->run()
#3 {main}
REQUEST_URI=/harapanbaru/index.php?r=admin/user
HTTP_REFERER=http://localhost/harapanbaru/
---
2017/05/23 02:42:58 [error] [exception.CException] exception 'CException' with message 'Alias "applications.modules.admin.models.Jabatan" is invalid. Make sure it points to an existing directory or file.' in C:\xampp\htdocs\tryyii\framework\YiiBase.php:348
Stack trace:
#0 C:\xampp\htdocs\tryyii\framework\gii\generators\crud\CrudCode.php(59): YiiBase::import('applications.mo...', true)
#1 C:\xampp\htdocs\tryyii\framework\validators\CInlineValidator.php(42): CrudCode->validateModel('model', Array)
#2 C:\xampp\htdocs\tryyii\framework\validators\CValidator.php(201): CInlineValidator->validateAttribute(Object(CrudCode), 'model')
#3 C:\xampp\htdocs\tryyii\framework\base\CModel.php(159): CValidator->validate(Object(CrudCode), NULL)
#4 C:\xampp\htdocs\tryyii\framework\gii\CCodeGenerator.php(159): CModel->validate()
#5 C:\xampp\htdocs\tryyii\framework\gii\CCodeGenerator.php(63): CCodeGenerator->prepare()
#6 C:\xampp\htdocs\tryyii\framework\web\actions\CInlineAction.php(49): CCodeGenerator->actionIndex()
#7 C:\xampp\htdocs\tryyii\framework\web\CController.php(308): CInlineAction->runWithParams(Array)
#8 C:\xampp\htdocs\tryyii\framework\web\CController.php(286): CController->runAction(Object(CInlineAction))
#9 C:\xampp\htdocs\tryyii\framework\web\CController.php(265): CController->runActionWithFilters(Object(CInlineAction), Array)
#10 C:\xampp\htdocs\tryyii\framework\web\CWebApplication.php(282): CController->run('index')
#11 C:\xampp\htdocs\tryyii\framework\web\CWebApplication.php(141): CWebApplication->runController('gii/crud/index')
#12 C:\xampp\htdocs\tryyii\framework\base\CApplication.php(185): CWebApplication->processRequest()
#13 C:\xampp\htdocs\harapanbaru\index.php(19): CApplication->run()
#14 {main}
REQUEST_URI=/harapanbaru/index.php?r=gii/crud/index
HTTP_REFERER=http://localhost/harapanbaru/index.php?r=gii/crud/index
---
2017/05/23 02:48:15 [error] [exception.CHttpException.404] exception 'CHttpException' with message 'Unable to resolve the request "admin/user".' in C:\xampp\htdocs\tryyii\framework\web\CWebApplication.php:286
Stack trace:
#0 C:\xampp\htdocs\tryyii\framework\web\CWebApplication.php(141): CWebApplication->runController('admin/user')
#1 C:\xampp\htdocs\tryyii\framework\base\CApplication.php(185): CWebApplication->processRequest()
#2 C:\xampp\htdocs\harapanbaru\index.php(19): CApplication->run()
#3 {main}
REQUEST_URI=/harapanbaru/index.php?r=admin/user
HTTP_REFERER=http://localhost/harapanbaru/
---
2017/05/23 02:48:21 [error] [exception.CHttpException.404] exception 'CHttpException' with message 'Unable to resolve the request "admin/user".' in C:\xampp\htdocs\tryyii\framework\web\CWebApplication.php:286
Stack trace:
#0 C:\xampp\htdocs\tryyii\framework\web\CWebApplication.php(141): CWebApplication->runController('admin/user')
#1 C:\xampp\htdocs\tryyii\framework\base\CApplication.php(185): CWebApplication->processRequest()
#2 C:\xampp\htdocs\harapanbaru\index.php(19): CApplication->run()
#3 {main}
REQUEST_URI=/harapanbaru/index.php?r=admin/user
HTTP_REFERER=http://localhost/harapanbaru/
---
2017/05/23 02:50:44 [error] [exception.CHttpException.404] exception 'CHttpException' with message 'Unable to resolve the request "admin/jabatan".' in C:\xampp\htdocs\tryyii\framework\web\CWebApplication.php:286
Stack trace:
#0 C:\xampp\htdocs\tryyii\framework\web\CWebApplication.php(141): CWebApplication->runController('admin/jabatan')
#1 C:\xampp\htdocs\tryyii\framework\base\CApplication.php(185): CWebApplication->processRequest()
#2 C:\xampp\htdocs\harapanbaru\index.php(19): CApplication->run()
#3 {main}
REQUEST_URI=/harapanbaru/index.php?r=admin/jabatan
HTTP_REFERER=http://localhost/harapanbaru/index.php?r=admin/jenisKendaraanPerusahaan
---
2017/05/23 02:50:55 [error] [exception.CHttpException.404] exception 'CHttpException' with message 'Unable to resolve the request "admin/jabatan".' in C:\xampp\htdocs\tryyii\framework\web\CWebApplication.php:286
Stack trace:
#0 C:\xampp\htdocs\tryyii\framework\web\CWebApplication.php(141): CWebApplication->runController('admin/jabatan')
#1 C:\xampp\htdocs\tryyii\framework\base\CApplication.php(185): CWebApplication->processRequest()
#2 C:\xampp\htdocs\harapanbaru\index.php(19): CApplication->run()
#3 {main}
REQUEST_URI=/harapanbaru/index.php?r=admin/jabatan
HTTP_REFERER=http://localhost/harapanbaru/index.php?r=admin/jenisKendaraanPerusahaan
---
2017/05/23 07:19:01 [error] [php] include(HarapanBaruGrid.php): failed to open stream: No such file or directory (C:\xampp\htdocs\tryyii\framework\YiiBase.php:432)
Stack trace:
#0 unknown(0): spl_autoload_call()
#1 C:\xampp\htdocs\tryyii\framework\YiiBase.php(303): class_exists()
#2 C:\xampp\htdocs\tryyii\framework\web\CWidgetFactory.php(146): import()
#3 C:\xampp\htdocs\tryyii\framework\web\CBaseController.php(146): CWidgetFactory->createWidget()
#4 C:\xampp\htdocs\tryyii\framework\web\CBaseController.php(180): JabatanController->createWidget()
#5 C:\xampp\htdocs\harapanbaru\protected\modules\admin\views\jabatan\index.php(32): JabatanController->widget()
#6 C:\xampp\htdocs\tryyii\framework\web\CBaseController.php(126): require()
#7 C:\xampp\htdocs\tryyii\framework\web\CBaseController.php(95): JabatanController->renderInternal()
#8 C:\xampp\htdocs\tryyii\framework\web\CController.php(869): JabatanController->renderFile()
#9 C:\xampp\htdocs\tryyii\framework\web\CController.php(782): JabatanController->renderPartial()
#10 C:\xampp\htdocs\harapanbaru\protected\modules\admin\controllers\JabatanController.php(128): JabatanController->render()
#11 C:\xampp\htdocs\tryyii\framework\web\actions\CInlineAction.php(49): JabatanController->actionIndex()
#12 C:\xampp\htdocs\tryyii\framework\web\CController.php(308): CInlineAction->runWithParams()
#13 C:\xampp\htdocs\tryyii\framework\web\filters\CFilterChain.php(133): JabatanController->runAction()
#14 C:\xampp\htdocs\tryyii\framework\web\filters\CFilter.php(40): CFilterChain->run()
#15 C:\xampp\htdocs\tryyii\framework\web\CController.php(1145): CAccessControlFilter->filter()
#16 C:\xampp\htdocs\tryyii\framework\web\filters\CInlineFilter.php(58): JabatanController->filterAccessControl()
#17 C:\xampp\htdocs\tryyii\framework\web\filters\CFilterChain.php(130): CInlineFilter->filter()
#18 C:\xampp\htdocs\tryyii\framework\web\CController.php(291): CFilterChain->run()
#19 C:\xampp\htdocs\tryyii\framework\web\CController.php(265): JabatanController->runActionWithFilters()
#20 C:\xampp\htdocs\tryyii\framework\web\CWebApplication.php(282): JabatanController->run()
#21 C:\xampp\htdocs\tryyii\framework\web\CWebApplication.php(141): CWebApplication->runController()
#22 C:\xampp\htdocs\tryyii\framework\base\CApplication.php(185): CWebApplication->processRequest()
#23 C:\xampp\htdocs\harapanbaru\index.php(19): CWebApplication->run()
REQUEST_URI=/harapanbaru/index.php?r=admin/jabatan
in C:\xampp\htdocs\harapanbaru\protected\modules\admin\views\jabatan\index.php (32)
in C:\xampp\htdocs\harapanbaru\protected\modules\admin\controllers\JabatanController.php (128)
in C:\xampp\htdocs\harapanbaru\index.php (19)
2017/05/23 15:45:47 [error] [exception.CHttpException.404] exception 'CHttpException' with message 'The system is unable to find the requested action "manage".' in C:\xampp\htdocs\tryyii\framework\web\CController.php:483
Stack trace:
#0 C:\xampp\htdocs\tryyii\framework\web\CController.php(270): CController->missingAction('manage')
#1 C:\xampp\htdocs\tryyii\framework\web\CWebApplication.php(282): CController->run('manage')
#2 C:\xampp\htdocs\tryyii\framework\web\CWebApplication.php(141): CWebApplication->runController('admin/part/mana...')
#3 C:\xampp\htdocs\tryyii\framework\base\CApplication.php(185): CWebApplication->processRequest()
#4 C:\xampp\htdocs\harapanbaru\index.php(19): CApplication->run()
#5 {main}
REQUEST_URI=/harapanbaru/index.php?r=admin/part/manage
---
2017/05/27 12:18:22 [error] [exception.CException] exception 'CException' with message 'CActiveForm and its behaviors do not have a method or closure named "checkboxField".' in C:\xampp\htdocs\tryyii\framework\base\CComponent.php:266
Stack trace:
#0 C:\xampp\htdocs\harapanbaru\protected\views\site\login_ace.php(55): CComponent->__call('checkboxField', Array)
#1 C:\xampp\htdocs\harapanbaru\protected\views\site\login_ace.php(55): CActiveForm->checkboxField(Object(LoginForm), 'password')
#2 C:\xampp\htdocs\tryyii\framework\web\CBaseController.php(126): require('C:\\xampp\\htdocs...')
#3 C:\xampp\htdocs\tryyii\framework\web\CBaseController.php(95): CBaseController->renderInternal('C:\\xampp\\htdocs...', Array, true)
#4 C:\xampp\htdocs\tryyii\framework\web\CController.php(869): CBaseController->renderFile('C:\\xampp\\htdocs...', Array, true)
#5 C:\xampp\htdocs\tryyii\framework\web\CController.php(782): CController->renderPartial('login_ace', Array, true)
#6 C:\xampp\htdocs\harapanbaru\protected\controllers\SiteController.php(99): CController->render('login_ace', Array)
#7 C:\xampp\htdocs\tryyii\framework\web\actions\CInlineAction.php(49): SiteController->actionLogin()
#8 C:\xampp\htdocs\tryyii\framework\web\CController.php(308): CInlineAction->runWithParams(Array)
#9 C:\xampp\htdocs\tryyii\framework\web\CController.php(286): CController->runAction(Object(CInlineAction))
#10 C:\xampp\htdocs\tryyii\framework\web\CController.php(265): CController->runActionWithFilters(Object(CInlineAction), Array)
#11 C:\xampp\htdocs\tryyii\framework\web\CWebApplication.php(282): CController->run('login')
#12 C:\xampp\htdocs\tryyii\framework\web\CWebApplication.php(141): CWebApplication->runController('site/login')
#13 C:\xampp\htdocs\tryyii\framework\base\CApplication.php(185): CWebApplication->processRequest()
#14 C:\xampp\htdocs\harapanbaru\index.php(19): CApplication->run()
#15 {main}
REQUEST_URI=/index.php?r=site/login
---
2017/05/27 12:21:51 [error] [exception.CException] exception 'CException' with message 'Property "LoginForm.remember_me" is not defined.' in C:\xampp\htdocs\tryyii\framework\base\CComponent.php:130
Stack trace:
#0 C:\xampp\htdocs\tryyii\framework\web\helpers\CHtml.php(2729): CComponent->__get('remember_me')
#1 C:\xampp\htdocs\tryyii\framework\web\helpers\CHtml.php(1923): CHtml::resolveValue(Object(LoginForm), 'remember_me')
#2 C:\xampp\htdocs\tryyii\framework\web\widgets\CActiveForm.php(898): CHtml::activeCheckBox(Object(LoginForm), 'remember_me', Array)
#3 C:\xampp\htdocs\harapanbaru\protected\views\site\login_ace.php(54): CActiveForm->checkBox(Object(LoginForm), 'remember_me', Array)
#4 C:\xampp\htdocs\tryyii\framework\web\CBaseController.php(126): require('C:\\xampp\\htdocs...')
#5 C:\xampp\htdocs\tryyii\framework\web\CBaseController.php(95): CBaseController->renderInternal('C:\\xampp\\htdocs...', Array, true)
#6 C:\xampp\htdocs\tryyii\framework\web\CController.php(869): CBaseController->renderFile('C:\\xampp\\htdocs...', Array, true)
#7 C:\xampp\htdocs\tryyii\framework\web\CController.php(782): CController->renderPartial('login_ace', Array, true)
#8 C:\xampp\htdocs\harapanbaru\protected\controllers\SiteController.php(99): CController->render('login_ace', Array)
#9 C:\xampp\htdocs\tryyii\framework\web\actions\CInlineAction.php(49): SiteController->actionLogin()
#10 C:\xampp\htdocs\tryyii\framework\web\CController.php(308): CInlineAction->runWithParams(Array)
#11 C:\xampp\htdocs\tryyii\framework\web\CController.php(286): CController->runAction(Object(CInlineAction))
#12 C:\xampp\htdocs\tryyii\framework\web\CController.php(265): CController->runActionWithFilters(Object(CInlineAction), Array)
#13 C:\xampp\htdocs\tryyii\framework\web\CWebApplication.php(282): CController->run('login')
#14 C:\xampp\htdocs\tryyii\framework\web\CWebApplication.php(141): CWebApplication->runController('site/login')
#15 C:\xampp\htdocs\tryyii\framework\base\CApplication.php(185): CWebApplication->processRequest()
#16 C:\xampp\htdocs\harapanbaru\index.php(19): CApplication->run()
#17 {main}
REQUEST_URI=/index.php?r=site/login
---
2017/05/27 14:58:44 [error] [exception.CException] exception 'CException' with message 'Property "CActiveForm.class" is not defined.' in C:\xampp\htdocs\tryyii\framework\base\CComponent.php:173
Stack trace:
#0 C:\xampp\htdocs\tryyii\framework\web\CWidgetFactory.php(161): CComponent->__set('class', 'form-horizontal')
#1 C:\xampp\htdocs\tryyii\framework\web\CBaseController.php(146): CWidgetFactory->createWidget(Object(KaryawanController), 'CActiveForm', Array)
#2 C:\xampp\htdocs\tryyii\framework\web\CBaseController.php(197): CBaseController->createWidget('CActiveForm', Array)
#3 C:\xampp\htdocs\harapanbaru\protected\modules\admin\views\karyawan\_form.php(15): CBaseController->beginWidget('CActiveForm', Array)
#4 C:\xampp\htdocs\tryyii\framework\web\CBaseController.php(126): require('C:\\xampp\\htdocs...')
#5 C:\xampp\htdocs\tryyii\framework\web\CBaseController.php(95): CBaseController->renderInternal('C:\\xampp\\htdocs...', Array, true)
#6 C:\xampp\htdocs\tryyii\framework\web\CController.php(869): CBaseController->renderFile('C:\\xampp\\htdocs...', Array, true)
#7 C:\xampp\htdocs\harapanbaru\protected\modules\admin\views\karyawan\create.php(28): CController->renderPartial('_form', Array)
#8 C:\xampp\htdocs\tryyii\framework\web\CBaseController.php(126): require('C:\\xampp\\htdocs...')
#9 C:\xampp\htdocs\tryyii\framework\web\CBaseController.php(95): CBaseController->renderInternal('C:\\xampp\\htdocs...', Array, true)
#10 C:\xampp\htdocs\tryyii\framework\web\CController.php(869): CBaseController->renderFile('C:\\xampp\\htdocs...', Array, true)
#11 C:\xampp\htdocs\tryyii\framework\web\CController.php(782): CController->renderPartial('create', Array, true)
#12 C:\xampp\htdocs\harapanbaru\protected\modules\admin\controllers\KaryawanController.php(79): CController->render('create', Array)
#13 C:\xampp\htdocs\tryyii\framework\web\actions\CInlineAction.php(49): KaryawanController->actionCreate()
#14 C:\xampp\htdocs\tryyii\framework\web\CController.php(308): CInlineAction->runWithParams(Array)
#15 C:\xampp\htdocs\tryyii\framework\web\filters\CFilterChain.php(133): CController->runAction(Object(CInlineAction))
#16 C:\xampp\htdocs\tryyii\framework\web\filters\CFilter.php(40): CFilterChain->run()
#17 C:\xampp\htdocs\tryyii\framework\web\CController.php(1145): CFilter->filter(Object(CFilterChain))
#18 C:\xampp\htdocs\tryyii\framework\web\filters\CInlineFilter.php(58): CController->filterAccessControl(Object(CFilterChain))
#19 C:\xampp\htdocs\tryyii\framework\web\filters\CFilterChain.php(130): CInlineFilter->filter(Object(CFilterChain))
#20 C:\xampp\htdocs\tryyii\framework\web\CController.php(291): CFilterChain->run()
#21 C:\xampp\htdocs\tryyii\framework\web\CController.php(265): CController->runActionWithFilters(Object(CInlineAction), Array)
#22 C:\xampp\htdocs\tryyii\framework\web\CWebApplication.php(282): CController->run('create')
#23 C:\xampp\htdocs\tryyii\framework\web\CWebApplication.php(141): CWebApplication->runController('admin/karyawan/...')
#24 C:\xampp\htdocs\tryyii\framework\base\CApplication.php(185): CWebApplication->processRequest()
#25 C:\xampp\htdocs\harapanbaru\index.php(19): CApplication->run()
#26 {main}
REQUEST_URI=/index.php?r=admin/karyawan/create
HTTP_REFERER=http://harapanbaru.dev/index.php?r=admin/karyawan
---
2017/05/27 15:09:51 [error] [php] Undefined variable: list_jabatan (C:\xampp\htdocs\harapanbaru\protected\modules\admin\views\karyawan\_form.php:32)
Stack trace:
#0 C:\xampp\htdocs\tryyii\framework\web\CController.php(869): KaryawanController->renderFile()
#1 C:\xampp\htdocs\harapanbaru\protected\modules\admin\views\karyawan\create.php(26): KaryawanController->renderPartial()
#2 C:\xampp\htdocs\tryyii\framework\web\CBaseController.php(126): require()
#3 C:\xampp\htdocs\tryyii\framework\web\CBaseController.php(95): KaryawanController->renderInternal()
#4 C:\xampp\htdocs\tryyii\framework\web\CController.php(869): KaryawanController->renderFile()
#5 C:\xampp\htdocs\tryyii\framework\web\CController.php(782): KaryawanController->renderPartial()
#6 C:\xampp\htdocs\harapanbaru\protected\modules\admin\controllers\KaryawanController.php(80): KaryawanController->render()
#7 C:\xampp\htdocs\tryyii\framework\web\actions\CInlineAction.php(49): KaryawanController->actionCreate()
#8 C:\xampp\htdocs\tryyii\framework\web\CController.php(308): CInlineAction->runWithParams()
#9 C:\xampp\htdocs\tryyii\framework\web\filters\CFilterChain.php(133): KaryawanController->runAction()
#10 C:\xampp\htdocs\tryyii\framework\web\filters\CFilter.php(40): CFilterChain->run()
#11 C:\xampp\htdocs\tryyii\framework\web\CController.php(1145): CAccessControlFilter->filter()
#12 C:\xampp\htdocs\tryyii\framework\web\filters\CInlineFilter.php(58): KaryawanController->filterAccessControl()
#13 C:\xampp\htdocs\tryyii\framework\web\filters\CFilterChain.php(130): CInlineFilter->filter()
#14 C:\xampp\htdocs\tryyii\framework\web\CController.php(291): CFilterChain->run()
#15 C:\xampp\htdocs\tryyii\framework\web\CController.php(265): KaryawanController->runActionWithFilters()
#16 C:\xampp\htdocs\tryyii\framework\web\CWebApplication.php(282): KaryawanController->run()
#17 C:\xampp\htdocs\tryyii\framework\web\CWebApplication.php(141): CWebApplication->runController()
#18 C:\xampp\htdocs\tryyii\framework\base\CApplication.php(185): CWebApplication->processRequest()
#19 C:\xampp\htdocs\harapanbaru\index.php(19): CWebApplication->run()
REQUEST_URI=/index.php?r=admin/karyawan/create
in C:\xampp\htdocs\harapanbaru\protected\modules\admin\views\karyawan\_form.php (32)
in C:\xampp\htdocs\harapanbaru\protected\modules\admin\views\karyawan\create.php (26)
in C:\xampp\htdocs\harapanbaru\protected\modules\admin\controllers\KaryawanController.php (80)
2017/05/27 15:10:22 [error] [php] Undefined variable: list_jabatan (C:\xampp\htdocs\harapanbaru\protected\modules\admin\views\karyawan\_form.php:32)
Stack trace:
#0 C:\xampp\htdocs\tryyii\framework\web\CController.php(869): KaryawanController->renderFile()
#1 C:\xampp\htdocs\harapanbaru\protected\modules\admin\views\karyawan\create.php(26): KaryawanController->renderPartial()
#2 C:\xampp\htdocs\tryyii\framework\web\CBaseController.php(126): require()
#3 C:\xampp\htdocs\tryyii\framework\web\CBaseController.php(95): KaryawanController->renderInternal()
#4 C:\xampp\htdocs\tryyii\framework\web\CController.php(869): KaryawanController->renderFile()
#5 C:\xampp\htdocs\tryyii\framework\web\CController.php(782): KaryawanController->renderPartial()
#6 C:\xampp\htdocs\harapanbaru\protected\modules\admin\controllers\KaryawanController.php(80): KaryawanController->render()
#7 C:\xampp\htdocs\tryyii\framework\web\actions\CInlineAction.php(49): KaryawanController->actionCreate()
#8 C:\xampp\htdocs\tryyii\framework\web\CController.php(308): CInlineAction->runWithParams()
#9 C:\xampp\htdocs\tryyii\framework\web\filters\CFilterChain.php(133): KaryawanController->runAction()
#10 C:\xampp\htdocs\tryyii\framework\web\filters\CFilter.php(40): CFilterChain->run()
#11 C:\xampp\htdocs\tryyii\framework\web\CController.php(1145): CAccessControlFilter->filter()
#12 C:\xampp\htdocs\tryyii\framework\web\filters\CInlineFilter.php(58): KaryawanController->filterAccessControl()
#13 C:\xampp\htdocs\tryyii\framework\web\filters\CFilterChain.php(130): CInlineFilter->filter()
#14 C:\xampp\htdocs\tryyii\framework\web\CController.php(291): CFilterChain->run()
#15 C:\xampp\htdocs\tryyii\framework\web\CController.php(265): KaryawanController->runActionWithFilters()
#16 C:\xampp\htdocs\tryyii\framework\web\CWebApplication.php(282): KaryawanController->run()
#17 C:\xampp\htdocs\tryyii\framework\web\CWebApplication.php(141): CWebApplication->runController()
#18 C:\xampp\htdocs\tryyii\framework\base\CApplication.php(185): CWebApplication->processRequest()
#19 C:\xampp\htdocs\harapanbaru\index.php(19): CWebApplication->run()
REQUEST_URI=/index.php?r=admin/karyawan/create
in C:\xampp\htdocs\harapanbaru\protected\modules\admin\views\karyawan\_form.php (32)
in C:\xampp\htdocs\harapanbaru\protected\modules\admin\views\karyawan\create.php (26)
in C:\xampp\htdocs\harapanbaru\protected\modules\admin\controllers\KaryawanController.php (80)
2017/05/27 15:12:07 [error] [php] Missing argument 3 for CActiveForm::radioButtonList(), called in C:\xampp\htdocs\harapanbaru\protected\modules\admin\views\karyawan\_form.php on line 57 and defined (C:\xampp\htdocs\tryyii\framework\web\widgets\CActiveForm.php:960)
Stack trace:
#0 C:\xampp\htdocs\tryyii\framework\web\CBaseController.php(95): KaryawanController->renderInternal()
#1 C:\xampp\htdocs\tryyii\framework\web\CController.php(869): KaryawanController->renderFile()
#2 C:\xampp\htdocs\harapanbaru\protected\modules\admin\views\karyawan\create.php(26): KaryawanController->renderPartial()
#3 C:\xampp\htdocs\tryyii\framework\web\CBaseController.php(126): require()
#4 C:\xampp\htdocs\tryyii\framework\web\CBaseController.php(95): KaryawanController->renderInternal()
#5 C:\xampp\htdocs\tryyii\framework\web\CController.php(869): KaryawanController->renderFile()
#6 C:\xampp\htdocs\tryyii\framework\web\CController.php(782): KaryawanController->renderPartial()
#7 C:\xampp\htdocs\harapanbaru\protected\modules\admin\controllers\KaryawanController.php(80): KaryawanController->render()
#8 C:\xampp\htdocs\tryyii\framework\web\actions\CInlineAction.php(49): KaryawanController->actionCreate()
#9 C:\xampp\htdocs\tryyii\framework\web\CController.php(308): CInlineAction->runWithParams()
#10 C:\xampp\htdocs\tryyii\framework\web\filters\CFilterChain.php(133): KaryawanController->runAction()
#11 C:\xampp\htdocs\tryyii\framework\web\filters\CFilter.php(40): CFilterChain->run()
#12 C:\xampp\htdocs\tryyii\framework\web\CController.php(1145): CAccessControlFilter->filter()
#13 C:\xampp\htdocs\tryyii\framework\web\filters\CInlineFilter.php(58): KaryawanController->filterAccessControl()
#14 C:\xampp\htdocs\tryyii\framework\web\filters\CFilterChain.php(130): CInlineFilter->filter()
#15 C:\xampp\htdocs\tryyii\framework\web\CController.php(291): CFilterChain->run()
#16 C:\xampp\htdocs\tryyii\framework\web\CController.php(265): KaryawanController->runActionWithFilters()
#17 C:\xampp\htdocs\tryyii\framework\web\CWebApplication.php(282): KaryawanController->run()
#18 C:\xampp\htdocs\tryyii\framework\web\CWebApplication.php(141): CWebApplication->runController()
#19 C:\xampp\htdocs\tryyii\framework\base\CApplication.php(185): CWebApplication->processRequest()
#20 C:\xampp\htdocs\harapanbaru\index.php(19): CWebApplication->run()
REQUEST_URI=/index.php?r=admin/karyawan/create
in C:\xampp\htdocs\harapanbaru\protected\modules\admin\views\karyawan\_form.php (57)
in C:\xampp\htdocs\harapanbaru\protected\modules\admin\views\karyawan\create.php (26)
in C:\xampp\htdocs\harapanbaru\protected\modules\admin\controllers\KaryawanController.php (80)
2017/05/27 15:21:47 [error] [php] Undefined variable: list_jabatan (C:\xampp\htdocs\harapanbaru\protected\modules\admin\views\karyawan\_form.php:32)
Stack trace:
#0 C:\xampp\htdocs\tryyii\framework\web\CController.php(869): KaryawanController->renderFile()
#1 C:\xampp\htdocs\harapanbaru\protected\modules\admin\views\karyawan\update.php(21): KaryawanController->renderPartial()
#2 C:\xampp\htdocs\tryyii\framework\web\CBaseController.php(126): require()
#3 C:\xampp\htdocs\tryyii\framework\web\CBaseController.php(95): KaryawanController->renderInternal()
#4 C:\xampp\htdocs\tryyii\framework\web\CController.php(869): KaryawanController->renderFile()
#5 C:\xampp\htdocs\tryyii\framework\web\CController.php(782): KaryawanController->renderPartial()
#6 C:\xampp\htdocs\harapanbaru\protected\modules\admin\controllers\KaryawanController.php(104): KaryawanController->render()
#7 unknown(0): KaryawanController->actionUpdate()
#8 C:\xampp\htdocs\tryyii\framework\web\actions\CAction.php(109): ReflectionMethod->invokeArgs()
#9 C:\xampp\htdocs\tryyii\framework\web\actions\CInlineAction.php(47): CInlineAction->runWithParamsInternal()
#10 C:\xampp\htdocs\tryyii\framework\web\CController.php(308): CInlineAction->runWithParams()
#11 C:\xampp\htdocs\tryyii\framework\web\filters\CFilterChain.php(133): KaryawanController->runAction()
#12 C:\xampp\htdocs\tryyii\framework\web\filters\CFilter.php(40): CFilterChain->run()
#13 C:\xampp\htdocs\tryyii\framework\web\CController.php(1145): CAccessControlFilter->filter()
#14 C:\xampp\htdocs\tryyii\framework\web\filters\CInlineFilter.php(58): KaryawanController->filterAccessControl()
#15 C:\xampp\htdocs\tryyii\framework\web\filters\CFilterChain.php(130): CInlineFilter->filter()
#16 C:\xampp\htdocs\tryyii\framework\web\CController.php(291): CFilterChain->run()
#17 C:\xampp\htdocs\tryyii\framework\web\CController.php(265): KaryawanController->runActionWithFilters()
#18 C:\xampp\htdocs\tryyii\framework\web\CWebApplication.php(282): KaryawanController->run()
#19 C:\xampp\htdocs\tryyii\framework\web\CWebApplication.php(141): CWebApplication->runController()
#20 C:\xampp\htdocs\tryyii\framework\base\CApplication.php(185): CWebApplication->processRequest()
#21 C:\xampp\htdocs\harapanbaru\index.php(19): CWebApplication->run()
REQUEST_URI=/index.php?r=admin/karyawan/update&id=1
in C:\xampp\htdocs\harapanbaru\protected\modules\admin\views\karyawan\_form.php (32)
in C:\xampp\htdocs\harapanbaru\protected\modules\admin\views\karyawan\update.php (21)
in C:\xampp\htdocs\harapanbaru\protected\modules\admin\controllers\KaryawanController.php (104)
2017/05/27 15:22:08 [error] [php] Undefined variable: list_jabatan (C:\xampp\htdocs\harapanbaru\protected\modules\admin\views\karyawan\_form.php:32)
Stack trace:
#0 C:\xampp\htdocs\tryyii\framework\web\CController.php(869): KaryawanController->renderFile()
#1 C:\xampp\htdocs\harapanbaru\protected\modules\admin\views\karyawan\update.php(21): KaryawanController->renderPartial()
#2 C:\xampp\htdocs\tryyii\framework\web\CBaseController.php(126): require()
#3 C:\xampp\htdocs\tryyii\framework\web\CBaseController.php(95): KaryawanController->renderInternal()
#4 C:\xampp\htdocs\tryyii\framework\web\CController.php(869): KaryawanController->renderFile()
#5 C:\xampp\htdocs\tryyii\framework\web\CController.php(782): KaryawanController->renderPartial()
#6 C:\xampp\htdocs\harapanbaru\protected\modules\admin\controllers\KaryawanController.php(107): KaryawanController->render()
#7 unknown(0): KaryawanController->actionUpdate()
#8 C:\xampp\htdocs\tryyii\framework\web\actions\CAction.php(109): ReflectionMethod->invokeArgs()
#9 C:\xampp\htdocs\tryyii\framework\web\actions\CInlineAction.php(47): CInlineAction->runWithParamsInternal()
#10 C:\xampp\htdocs\tryyii\framework\web\CController.php(308): CInlineAction->runWithParams()
#11 C:\xampp\htdocs\tryyii\framework\web\filters\CFilterChain.php(133): KaryawanController->runAction()
#12 C:\xampp\htdocs\tryyii\framework\web\filters\CFilter.php(40): CFilterChain->run()
#13 C:\xampp\htdocs\tryyii\framework\web\CController.php(1145): CAccessControlFilter->filter()
#14 C:\xampp\htdocs\tryyii\framework\web\filters\CInlineFilter.php(58): KaryawanController->filterAccessControl()
#15 C:\xampp\htdocs\tryyii\framework\web\filters\CFilterChain.php(130): CInlineFilter->filter()
#16 C:\xampp\htdocs\tryyii\framework\web\CController.php(291): CFilterChain->run()
#17 C:\xampp\htdocs\tryyii\framework\web\CController.php(265): KaryawanController->runActionWithFilters()
#18 C:\xampp\htdocs\tryyii\framework\web\CWebApplication.php(282): KaryawanController->run()
#19 C:\xampp\htdocs\tryyii\framework\web\CWebApplication.php(141): CWebApplication->runController()
#20 C:\xampp\htdocs\tryyii\framework\base\CApplication.php(185): CWebApplication->processRequest()
#21 C:\xampp\htdocs\harapanbaru\index.php(19): CWebApplication->run()
REQUEST_URI=/index.php?r=admin/karyawan/update&id=1
in C:\xampp\htdocs\harapanbaru\protected\modules\admin\views\karyawan\_form.php (32)
in C:\xampp\htdocs\harapanbaru\protected\modules\admin\views\karyawan\update.php (21)
in C:\xampp\htdocs\harapanbaru\protected\modules\admin\controllers\KaryawanController.php (107)
2017/05/27 15:29:34 [error] [exception.CHttpException.400] exception 'CHttpException' with message 'Your request is invalid.' in C:\xampp\htdocs\tryyii\framework\web\CController.php:1118
Stack trace:
#0 C:\xampp\htdocs\tryyii\framework\web\filters\CInlineFilter.php(58): CController->filterPostOnly(Object(CFilterChain))
#1 C:\xampp\htdocs\tryyii\framework\web\filters\CFilterChain.php(130): CInlineFilter->filter(Object(CFilterChain))
#2 C:\xampp\htdocs\tryyii\framework\web\filters\CFilter.php(40): CFilterChain->run()
#3 C:\xampp\htdocs\tryyii\framework\web\CController.php(1145): CFilter->filter(Object(CFilterChain))
#4 C:\xampp\htdocs\tryyii\framework\web\filters\CInlineFilter.php(58): CController->filterAccessControl(Object(CFilterChain))
#5 C:\xampp\htdocs\tryyii\framework\web\filters\CFilterChain.php(130): CInlineFilter->filter(Object(CFilterChain))
#6 C:\xampp\htdocs\tryyii\framework\web\CController.php(291): CFilterChain->run()
#7 C:\xampp\htdocs\tryyii\framework\web\CController.php(265): CController->runActionWithFilters(Object(CInlineAction), Array)
#8 C:\xampp\htdocs\tryyii\framework\web\CWebApplication.php(282): CController->run('delete')
#9 C:\xampp\htdocs\tryyii\framework\web\CWebApplication.php(141): CWebApplication->runController('admin/karyawan/...')
#10 C:\xampp\htdocs\tryyii\framework\base\CApplication.php(185): CWebApplication->processRequest()
#11 C:\xampp\htdocs\harapanbaru\index.php(19): CApplication->run()
#12 {main}
REQUEST_URI=/index.php?r=admin/karyawan/delete&id=1
HTTP_REFERER=http://harapanbaru.dev/index.php?r=admin/karyawan/admin
---
2017/05/27 15:29:57 [error] [exception.CHttpException.400] exception 'CHttpException' with message 'Your request is invalid.' in C:\xampp\htdocs\tryyii\framework\web\CController.php:1118
Stack trace:
#0 C:\xampp\htdocs\tryyii\framework\web\filters\CInlineFilter.php(58): CController->filterPostOnly(Object(CFilterChain))
#1 C:\xampp\htdocs\tryyii\framework\web\filters\CFilterChain.php(130): CInlineFilter->filter(Object(CFilterChain))
#2 C:\xampp\htdocs\tryyii\framework\web\filters\CFilter.php(40): CFilterChain->run()
#3 C:\xampp\htdocs\tryyii\framework\web\CController.php(1145): CFilter->filter(Object(CFilterChain))
#4 C:\xampp\htdocs\tryyii\framework\web\filters\CInlineFilter.php(58): CController->filterAccessControl(Object(CFilterChain))
#5 C:\xampp\htdocs\tryyii\framework\web\filters\CFilterChain.php(130): CInlineFilter->filter(Object(CFilterChain))
#6 C:\xampp\htdocs\tryyii\framework\web\CController.php(291): CFilterChain->run()
#7 C:\xampp\htdocs\tryyii\framework\web\CController.php(265): CController->runActionWithFilters(Object(CInlineAction), Array)
#8 C:\xampp\htdocs\tryyii\framework\web\CWebApplication.php(282): CController->run('delete')
#9 C:\xampp\htdocs\tryyii\framework\web\CWebApplication.php(141): CWebApplication->runController('admin/karyawan/...')
#10 C:\xampp\htdocs\tryyii\framework\base\CApplication.php(185): CWebApplication->processRequest()
#11 C:\xampp\htdocs\harapanbaru\index.php(19): CApplication->run()
#12 {main}
REQUEST_URI=/index.php?r=admin/karyawan/delete&id=1
HTTP_REFERER=http://harapanbaru.dev/index.php?r=admin/karyawan/admin
---
2017/05/27 15:36:40 [error] [exception.CHttpException.400] exception 'CHttpException' with message 'Your request is invalid.' in C:\xampp\htdocs\tryyii\framework\web\CController.php:1118
Stack trace:
#0 C:\xampp\htdocs\tryyii\framework\web\filters\CInlineFilter.php(58): CController->filterPostOnly(Object(CFilterChain))
#1 C:\xampp\htdocs\tryyii\framework\web\filters\CFilterChain.php(130): CInlineFilter->filter(Object(CFilterChain))
#2 C:\xampp\htdocs\tryyii\framework\web\filters\CFilter.php(40): CFilterChain->run()
#3 C:\xampp\htdocs\tryyii\framework\web\CController.php(1145): CFilter->filter(Object(CFilterChain))
#4 C:\xampp\htdocs\tryyii\framework\web\filters\CInlineFilter.php(58): CController->filterAccessControl(Object(CFilterChain))
#5 C:\xampp\htdocs\tryyii\framework\web\filters\CFilterChain.php(130): CInlineFilter->filter(Object(CFilterChain))
#6 C:\xampp\htdocs\tryyii\framework\web\CController.php(291): CFilterChain->run()
#7 C:\xampp\htdocs\tryyii\framework\web\CController.php(265): CController->runActionWithFilters(Object(CInlineAction), Array)
#8 C:\xampp\htdocs\tryyii\framework\web\CWebApplication.php(282): CController->run('delete')
#9 C:\xampp\htdocs\tryyii\framework\web\CWebApplication.php(141): CWebApplication->runController('admin/karyawan/...')
#10 C:\xampp\htdocs\tryyii\framework\base\CApplication.php(185): CWebApplication->processRequest()
#11 C:\xampp\htdocs\harapanbaru\index.php(19): CApplication->run()
#12 {main}
REQUEST_URI=/index.php?r=admin/karyawan/delete&id=1
HTTP_REFERER=http://harapanbaru.dev/index.php?r=admin/karyawan/admin
---
2017/05/27 15:39:12 [error] [exception.CHttpException.400] exception 'CHttpException' with message 'Your request is invalid.' in C:\xampp\htdocs\tryyii\framework\web\CController.php:1118
Stack trace:
#0 C:\xampp\htdocs\tryyii\framework\web\filters\CInlineFilter.php(58): CController->filterPostOnly(Object(CFilterChain))
#1 C:\xampp\htdocs\tryyii\framework\web\filters\CFilterChain.php(130): CInlineFilter->filter(Object(CFilterChain))
#2 C:\xampp\htdocs\tryyii\framework\web\filters\CFilter.php(40): CFilterChain->run()
#3 C:\xampp\htdocs\tryyii\framework\web\CController.php(1145): CFilter->filter(Object(CFilterChain))
#4 C:\xampp\htdocs\tryyii\framework\web\filters\CInlineFilter.php(58): CController->filterAccessControl(Object(CFilterChain))
#5 C:\xampp\htdocs\tryyii\framework\web\filters\CFilterChain.php(130): CInlineFilter->filter(Object(CFilterChain))
#6 C:\xampp\htdocs\tryyii\framework\web\CController.php(291): CFilterChain->run()
#7 C:\xampp\htdocs\tryyii\framework\web\CController.php(265): CController->runActionWithFilters(Object(CInlineAction), Array)
#8 C:\xampp\htdocs\tryyii\framework\web\CWebApplication.php(282): CController->run('delete')
#9 C:\xampp\htdocs\tryyii\framework\web\CWebApplication.php(141): CWebApplication->runController('admin/karyawan/...')
#10 C:\xampp\htdocs\tryyii\framework\base\CApplication.php(185): CWebApplication->processRequest()
#11 C:\xampp\htdocs\harapanbaru\index.php(19): CApplication->run()
#12 {main}
REQUEST_URI=/index.php?r=admin/karyawan/delete&id=1
HTTP_REFERER=http://harapanbaru.dev/index.php?r=admin/karyawan/admin
---
2017/05/27 15:40:23 [error] [exception.CHttpException.400] exception 'CHttpException' with message 'Your request is invalid.' in C:\xampp\htdocs\tryyii\framework\web\CController.php:1118
Stack trace:
#0 C:\xampp\htdocs\tryyii\framework\web\filters\CInlineFilter.php(58): CController->filterPostOnly(Object(CFilterChain))
#1 C:\xampp\htdocs\tryyii\framework\web\filters\CFilterChain.php(130): CInlineFilter->filter(Object(CFilterChain))
#2 C:\xampp\htdocs\tryyii\framework\web\filters\CFilter.php(40): CFilterChain->run()
#3 C:\xampp\htdocs\tryyii\framework\web\CController.php(1145): CFilter->filter(Object(CFilterChain))
#4 C:\xampp\htdocs\tryyii\framework\web\filters\CInlineFilter.php(58): CController->filterAccessControl(Object(CFilterChain))
#5 C:\xampp\htdocs\tryyii\framework\web\filters\CFilterChain.php(130): CInlineFilter->filter(Object(CFilterChain))
#6 C:\xampp\htdocs\tryyii\framework\web\CController.php(291): CFilterChain->run()
#7 C:\xampp\htdocs\tryyii\framework\web\CController.php(265): CController->runActionWithFilters(Object(CInlineAction), Array)
#8 C:\xampp\htdocs\tryyii\framework\web\CWebApplication.php(282): CController->run('delete')
#9 C:\xampp\htdocs\tryyii\framework\web\CWebApplication.php(141): CWebApplication->runController('admin/karyawan/...')
#10 C:\xampp\htdocs\tryyii\framework\base\CApplication.php(185): CWebApplication->processRequest()
#11 C:\xampp\htdocs\harapanbaru\index.php(19): CApplication->run()
#12 {main}
REQUEST_URI=/index.php?r=admin/karyawan/delete&id=1
HTTP_REFERER=http://harapanbaru.dev/index.php?r=admin/karyawan/admin
---
2017/05/27 15:40:33 [error] [exception.CHttpException.404] exception 'CHttpException' with message 'The system is unable to find the requested action "delete?id=1".' in C:\xampp\htdocs\tryyii\framework\web\CController.php:483
Stack trace:
#0 C:\xampp\htdocs\tryyii\framework\web\CController.php(270): CController->missingAction('delete?id=1')
#1 C:\xampp\htdocs\tryyii\framework\web\CWebApplication.php(282): CController->run('delete?id=1')
#2 C:\xampp\htdocs\tryyii\framework\web\CWebApplication.php(141): CWebApplication->runController('admin/karyawan/...')
#3 C:\xampp\htdocs\tryyii\framework\base\CApplication.php(185): CWebApplication->processRequest()
#4 C:\xampp\htdocs\harapanbaru\index.php(19): CApplication->run()
#5 {main}
REQUEST_URI=/index.php?r=admin/karyawan/delete?id=1
---
2017/05/27 15:41:00 [error] [exception.CHttpException.400] exception 'CHttpException' with message 'Your request is invalid.' in C:\xampp\htdocs\tryyii\framework\web\CController.php:1118
Stack trace:
#0 C:\xampp\htdocs\tryyii\framework\web\filters\CInlineFilter.php(58): CController->filterPostOnly(Object(CFilterChain))
#1 C:\xampp\htdocs\tryyii\framework\web\filters\CFilterChain.php(130): CInlineFilter->filter(Object(CFilterChain))
#2 C:\xampp\htdocs\tryyii\framework\web\filters\CFilter.php(40): CFilterChain->run()
#3 C:\xampp\htdocs\tryyii\framework\web\CController.php(1145): CFilter->filter(Object(CFilterChain))
#4 C:\xampp\htdocs\tryyii\framework\web\filters\CInlineFilter.php(58): CController->filterAccessControl(Object(CFilterChain))
#5 C:\xampp\htdocs\tryyii\framework\web\filters\CFilterChain.php(130): CInlineFilter->filter(Object(CFilterChain))
#6 C:\xampp\htdocs\tryyii\framework\web\CController.php(291): CFilterChain->run()
#7 C:\xampp\htdocs\tryyii\framework\web\CController.php(265): CController->runActionWithFilters(Object(CInlineAction), Array)
#8 C:\xampp\htdocs\tryyii\framework\web\CWebApplication.php(282): CController->run('delete')
#9 C:\xampp\htdocs\tryyii\framework\web\CWebApplication.php(141): CWebApplication->runController('admin/karyawan/...')
#10 C:\xampp\htdocs\tryyii\framework\base\CApplication.php(185): CWebApplication->processRequest()
#11 C:\xampp\htdocs\harapanbaru\index.php(19): CApplication->run()
#12 {main}
REQUEST_URI=/index.php?r=admin/karyawan/delete/id/1
---
2017/05/27 15:41:08 [error] [exception.CHttpException.400] exception 'CHttpException' with message 'Your request is invalid.' in C:\xampp\htdocs\tryyii\framework\web\CController.php:1118
Stack trace:
#0 C:\xampp\htdocs\tryyii\framework\web\filters\CInlineFilter.php(58): CController->filterPostOnly(Object(CFilterChain))
#1 C:\xampp\htdocs\tryyii\framework\web\filters\CFilterChain.php(130): CInlineFilter->filter(Object(CFilterChain))
#2 C:\xampp\htdocs\tryyii\framework\web\filters\CFilter.php(40): CFilterChain->run()
#3 C:\xampp\htdocs\tryyii\framework\web\CController.php(1145): CFilter->filter(Object(CFilterChain))
#4 C:\xampp\htdocs\tryyii\framework\web\filters\CInlineFilter.php(58): CController->filterAccessControl(Object(CFilterChain))
#5 C:\xampp\htdocs\tryyii\framework\web\filters\CFilterChain.php(130): CInlineFilter->filter(Object(CFilterChain))
#6 C:\xampp\htdocs\tryyii\framework\web\CController.php(291): CFilterChain->run()
#7 C:\xampp\htdocs\tryyii\framework\web\CController.php(265): CController->runActionWithFilters(Object(CInlineAction), Array)
#8 C:\xampp\htdocs\tryyii\framework\web\CWebApplication.php(282): CController->run('delete')
#9 C:\xampp\htdocs\tryyii\framework\web\CWebApplication.php(141): CWebApplication->runController('admin/karyawan/...')
#10 C:\xampp\htdocs\tryyii\framework\base\CApplication.php(185): CWebApplication->processRequest()
#11 C:\xampp\htdocs\harapanbaru\index.php(19): CApplication->run()
#12 {main}
REQUEST_URI=/index.php?r=admin/karyawan/delete&id=1
HTTP_REFERER=http://harapanbaru.dev/index.php?r=admin/karyawan/admin
---
2017/05/27 15:41:31 [error] [exception.CHttpException.400] exception 'CHttpException' with message 'Your request is invalid.' in C:\xampp\htdocs\tryyii\framework\web\CController.php:1118
Stack trace:
#0 C:\xampp\htdocs\tryyii\framework\web\filters\CInlineFilter.php(58): CController->filterPostOnly(Object(CFilterChain))
#1 C:\xampp\htdocs\tryyii\framework\web\filters\CFilterChain.php(130): CInlineFilter->filter(Object(CFilterChain))
#2 C:\xampp\htdocs\tryyii\framework\web\filters\CFilter.php(40): CFilterChain->run()
#3 C:\xampp\htdocs\tryyii\framework\web\CController.php(1145): CFilter->filter(Object(CFilterChain))
#4 C:\xampp\htdocs\tryyii\framework\web\filters\CInlineFilter.php(58): CController->filterAccessControl(Object(CFilterChain))
#5 C:\xampp\htdocs\tryyii\framework\web\filters\CFilterChain.php(130): CInlineFilter->filter(Object(CFilterChain))
#6 C:\xampp\htdocs\tryyii\framework\web\CController.php(291): CFilterChain->run()
#7 C:\xampp\htdocs\tryyii\framework\web\CController.php(265): CController->runActionWithFilters(Object(CInlineAction), Array)
#8 C:\xampp\htdocs\tryyii\framework\web\CWebApplication.php(282): CController->run('delete')
#9 C:\xampp\htdocs\tryyii\framework\web\CWebApplication.php(141): CWebApplication->runController('admin/karyawan/...')
#10 C:\xampp\htdocs\tryyii\framework\base\CApplication.php(185): CWebApplication->processRequest()
#11 C:\xampp\htdocs\harapanbaru\index.php(19): CApplication->run()
#12 {main}
REQUEST_URI=/index.php?r=admin/karyawan/delete&id=1
HTTP_REFERER=http://harapanbaru.dev/index.php?r=admin/karyawan/admin
---
2017/05/27 22:49:35 [error] [exception.CException] exception 'CException' with message 'Property "KendaraanPerusahaan.idJenisKendaraanPerusahaan" is not defined.' in C:\xampp\htdocs\tryyii\framework\base\CComponent.php:130
Stack trace:
#0 C:\xampp\htdocs\tryyii\framework\db\ar\CActiveRecord.php(145): CComponent->__get('idJenisKendaraa...')
#1 C:\xampp\htdocs\tryyii\framework\base\CComponent.php(612) : eval()'d code(1): CActiveRecord->__get('idJenisKendaraa...')
#2 C:\xampp\htdocs\tryyii\framework\base\CComponent.php(612): eval()
#3 C:\xampp\htdocs\tryyii\framework\zii\widgets\grid\CDataColumn.php(142): CComponent->evaluateExpression('$data->idJenisK...', Array)
#4 C:\xampp\htdocs\tryyii\framework\zii\widgets\grid\CGridColumn.php(231): CDataColumn->getDataCellContent(0)
#5 C:\xampp\htdocs\tryyii\framework\zii\widgets\grid\CGridColumn.php(154): CGridColumn->renderDataCellContent(0, Object(KendaraanPerusahaan))
#6 C:\xampp\htdocs\tryyii\framework\zii\widgets\grid\CGridView.php(638): CGridColumn->renderDataCell(0)
#7 C:\xampp\htdocs\tryyii\framework\zii\widgets\grid\CGridView.php(622): CGridView->renderDataCell(Object(CDataColumn), 0)
#8 C:\xampp\htdocs\tryyii\framework\zii\widgets\grid\CGridView.php(578): CGridView->renderTableRow(0)
#9 C:\xampp\htdocs\tryyii\framework\zii\widgets\grid\CGridView.php(488): CGridView->renderTableBody()
#10 C:\xampp\htdocs\tryyii\framework\zii\widgets\CBaseListView.php(181): CGridView->renderItems()
#11 [internal function]: CBaseListView->renderSection(Array)
#12 C:\xampp\htdocs\tryyii\framework\zii\widgets\CBaseListView.php(164): preg_replace_callback('/{(\\w+)}/', Array, '{summary}\n{item...')
#13 C:\xampp\htdocs\tryyii\framework\zii\widgets\CBaseListView.php(149): CBaseListView->renderContent()
#14 C:\xampp\htdocs\tryyii\framework\web\CBaseController.php(181): CBaseListView->run()
#15 C:\xampp\htdocs\harapanbaru\protected\modules\admin\views\kendaraanPerusahaan\index.php(46): CBaseController->widget('HarapanBaruGrid', Array)
#16 C:\xampp\htdocs\tryyii\framework\web\CBaseController.php(126): require('C:\\xampp\\htdocs...')
#17 C:\xampp\htdocs\tryyii\framework\web\CBaseController.php(95): CBaseController->renderInternal('C:\\xampp\\htdocs...', Array, true)
#18 C:\xampp\htdocs\tryyii\framework\web\CController.php(869): CBaseController->renderFile('C:\\xampp\\htdocs...', Array, true)
#19 C:\xampp\htdocs\tryyii\framework\web\CController.php(782): CController->renderPartial('index', Array, true)
#20 C:\xampp\htdocs\harapanbaru\protected\modules\admin\controllers\KendaraanPerusahaanController.php(130): CController->render('index', Array)
#21 C:\xampp\htdocs\tryyii\framework\web\actions\CInlineAction.php(49): KendaraanPerusahaanController->actionIndex()
#22 C:\xampp\htdocs\tryyii\framework\web\CController.php(308): CInlineAction->runWithParams(Array)
#23 C:\xampp\htdocs\tryyii\framework\web\filters\CFilterChain.php(133): CController->runAction(Object(CInlineAction))
#24 C:\xampp\htdocs\tryyii\framework\web\filters\CFilter.php(40): CFilterChain->run()
#25 C:\xampp\htdocs\tryyii\framework\web\CController.php(1145): CFilter->filter(Object(CFilterChain))
#26 C:\xampp\htdocs\tryyii\framework\web\filters\CInlineFilter.php(58): CController->filterAccessControl(Object(CFilterChain))
#27 C:\xampp\htdocs\tryyii\framework\web\filters\CFilterChain.php(130): CInlineFilter->filter(Object(CFilterChain))
#28 C:\xampp\htdocs\tryyii\framework\web\CController.php(291): CFilterChain->run()
#29 C:\xampp\htdocs\tryyii\framework\web\CController.php(265): CController->runActionWithFilters(Object(CInlineAction), Array)
#30 C:\xampp\htdocs\tryyii\framework\web\CWebApplication.php(282): CController->run('')
#31 C:\xampp\htdocs\tryyii\framework\web\CWebApplication.php(141): CWebApplication->runController('admin/kendaraan...')
#32 C:\xampp\htdocs\tryyii\framework\base\CApplication.php(185): CWebApplication->processRequest()
#33 C:\xampp\htdocs\harapanbaru\index.php(19): CApplication->run()
#34 {main}
REQUEST_URI=/index.php?r=admin/kendaraanPerusahaan
HTTP_REFERER=http://harapanbaru.dev/index.php?r=admin/kendaraanPerusahaan/view&id=1
---
2017/05/27 22:50:10 [error] [exception.CException] exception 'CException' with message 'Property "KendaraanPerusahaan.idPetugas" is not defined.' in C:\xampp\htdocs\tryyii\framework\base\CComponent.php:130
Stack trace:
#0 C:\xampp\htdocs\tryyii\framework\db\ar\CActiveRecord.php(145): CComponent->__get('idPetugas')
#1 C:\xampp\htdocs\tryyii\framework\base\CComponent.php(612) : eval()'d code(1): CActiveRecord->__get('idPetugas')
#2 C:\xampp\htdocs\tryyii\framework\base\CComponent.php(612): eval()
#3 C:\xampp\htdocs\tryyii\framework\zii\widgets\grid\CDataColumn.php(142): CComponent->evaluateExpression('$data->idPetuga...', Array)
#4 C:\xampp\htdocs\tryyii\framework\zii\widgets\grid\CGridColumn.php(231): CDataColumn->getDataCellContent(0)
#5 C:\xampp\htdocs\tryyii\framework\zii\widgets\grid\CGridColumn.php(154): CGridColumn->renderDataCellContent(0, Object(KendaraanPerusahaan))
#6 C:\xampp\htdocs\tryyii\framework\zii\widgets\grid\CGridView.php(638): CGridColumn->renderDataCell(0)
#7 C:\xampp\htdocs\tryyii\framework\zii\widgets\grid\CGridView.php(622): CGridView->renderDataCell(Object(CDataColumn), 0)
#8 C:\xampp\htdocs\tryyii\framework\zii\widgets\grid\CGridView.php(578): CGridView->renderTableRow(0)
#9 C:\xampp\htdocs\tryyii\framework\zii\widgets\grid\CGridView.php(488): CGridView->renderTableBody()
#10 C:\xampp\htdocs\tryyii\framework\zii\widgets\CBaseListView.php(181): CGridView->renderItems()
#11 [internal function]: CBaseListView->renderSection(Array)
#12 C:\xampp\htdocs\tryyii\framework\zii\widgets\CBaseListView.php(164): preg_replace_callback('/{(\\w+)}/', Array, '{summary}\n{item...')
#13 C:\xampp\htdocs\tryyii\framework\zii\widgets\CBaseListView.php(149): CBaseListView->renderContent()
#14 C:\xampp\htdocs\tryyii\framework\web\CBaseController.php(181): CBaseListView->run()
#15 C:\xampp\htdocs\harapanbaru\protected\modules\admin\views\kendaraanPerusahaan\index.php(46): CBaseController->widget('HarapanBaruGrid', Array)
#16 C:\xampp\htdocs\tryyii\framework\web\CBaseController.php(126): require('C:\\xampp\\htdocs...')
#17 C:\xampp\htdocs\tryyii\framework\web\CBaseController.php(95): CBaseController->renderInternal('C:\\xampp\\htdocs...', Array, true)
#18 C:\xampp\htdocs\tryyii\framework\web\CController.php(869): CBaseController->renderFile('C:\\xampp\\htdocs...', Array, true)
#19 C:\xampp\htdocs\tryyii\framework\web\CController.php(782): CController->renderPartial('index', Array, true)
#20 C:\xampp\htdocs\harapanbaru\protected\modules\admin\controllers\KendaraanPerusahaanController.php(130): CController->render('index', Array)
#21 C:\xampp\htdocs\tryyii\framework\web\actions\CInlineAction.php(49): KendaraanPerusahaanController->actionIndex()
#22 C:\xampp\htdocs\tryyii\framework\web\CController.php(308): CInlineAction->runWithParams(Array)
#23 C:\xampp\htdocs\tryyii\framework\web\filters\CFilterChain.php(133): CController->runAction(Object(CInlineAction))
#24 C:\xampp\htdocs\tryyii\framework\web\filters\CFilter.php(40): CFilterChain->run()
#25 C:\xampp\htdocs\tryyii\framework\web\CController.php(1145): CFilter->filter(Object(CFilterChain))
#26 C:\xampp\htdocs\tryyii\framework\web\filters\CInlineFilter.php(58): CController->filterAccessControl(Object(CFilterChain))
#27 C:\xampp\htdocs\tryyii\framework\web\filters\CFilterChain.php(130): CInlineFilter->filter(Object(CFilterChain))
#28 C:\xampp\htdocs\tryyii\framework\web\CController.php(291): CFilterChain->run()
#29 C:\xampp\htdocs\tryyii\framework\web\CController.php(265): CController->runActionWithFilters(Object(CInlineAction), Array)
#30 C:\xampp\htdocs\tryyii\framework\web\CWebApplication.php(282): CController->run('')
#31 C:\xampp\htdocs\tryyii\framework\web\CWebApplication.php(141): CWebApplication->runController('admin/kendaraan...')
#32 C:\xampp\htdocs\tryyii\framework\base\CApplication.php(185): CWebApplication->processRequest()
#33 C:\xampp\htdocs\harapanbaru\index.php(19): CApplication->run()
#34 {main}
REQUEST_URI=/index.php?r=admin/kendaraanPerusahaan
HTTP_REFERER=http://harapanbaru.dev/index.php?r=admin/kendaraanPerusahaan/view&id=1
---
2017/05/27 23:28:42 [error] [php] Undefined variable: list_part (C:\xampp\htdocs\harapanbaru\protected\modules\admin\views\part\_form.php:25)
Stack trace:
#0 C:\xampp\htdocs\tryyii\framework\web\CController.php(869): PartController->renderFile()
#1 C:\xampp\htdocs\harapanbaru\protected\modules\admin\views\part\create.php(28): PartController->renderPartial()
#2 C:\xampp\htdocs\tryyii\framework\web\CBaseController.php(126): require()
#3 C:\xampp\htdocs\tryyii\framework\web\CBaseController.php(95): PartController->renderInternal()
#4 C:\xampp\htdocs\tryyii\framework\web\CController.php(869): PartController->renderFile()
#5 C:\xampp\htdocs\tryyii\framework\web\CController.php(782): PartController->renderPartial()
#6 C:\xampp\htdocs\harapanbaru\protected\modules\admin\controllers\PartController.php(79): PartController->render()
#7 C:\xampp\htdocs\tryyii\framework\web\actions\CInlineAction.php(49): PartController->actionCreate()
#8 C:\xampp\htdocs\tryyii\framework\web\CController.php(308): CInlineAction->runWithParams()
#9 C:\xampp\htdocs\tryyii\framework\web\filters\CFilterChain.php(133): PartController->runAction()
#10 C:\xampp\htdocs\tryyii\framework\web\filters\CFilter.php(40): CFilterChain->run()
#11 C:\xampp\htdocs\tryyii\framework\web\CController.php(1145): CAccessControlFilter->filter()
#12 C:\xampp\htdocs\tryyii\framework\web\filters\CInlineFilter.php(58): PartController->filterAccessControl()
#13 C:\xampp\htdocs\tryyii\framework\web\filters\CFilterChain.php(130): CInlineFilter->filter()
#14 C:\xampp\htdocs\tryyii\framework\web\CController.php(291): CFilterChain->run()
#15 C:\xampp\htdocs\tryyii\framework\web\CController.php(265): PartController->runActionWithFilters()
#16 C:\xampp\htdocs\tryyii\framework\web\CWebApplication.php(282): PartController->run()
#17 C:\xampp\htdocs\tryyii\framework\web\CWebApplication.php(141): CWebApplication->runController()
#18 C:\xampp\htdocs\tryyii\framework\base\CApplication.php(185): CWebApplication->processRequest()
#19 C:\xampp\htdocs\harapanbaru\index.php(19): CWebApplication->run()
REQUEST_URI=/index.php?r=admin/part/create
in C:\xampp\htdocs\harapanbaru\protected\modules\admin\views\part\_form.php (25)
in C:\xampp\htdocs\harapanbaru\protected\modules\admin\views\part\create.php (28)
in C:\xampp\htdocs\harapanbaru\protected\modules\admin\controllers\PartController.php (79)
2017/05/27 23:37:14 [error] [php] Undefined variable: list_level (C:\xampp\htdocs\harapanbaru\protected\modules\admin\views\part\_form.php:41)
Stack trace:
#0 C:\xampp\htdocs\tryyii\framework\web\CController.php(869): PartController->renderFile()
#1 C:\xampp\htdocs\harapanbaru\protected\modules\admin\views\part\create.php(27): PartController->renderPartial()
#2 C:\xampp\htdocs\tryyii\framework\web\CBaseController.php(126): require()
#3 C:\xampp\htdocs\tryyii\framework\web\CBaseController.php(95): PartController->renderInternal()
#4 C:\xampp\htdocs\tryyii\framework\web\CController.php(869): PartController->renderFile()
#5 C:\xampp\htdocs\tryyii\framework\web\CController.php(782): PartController->renderPartial()
#6 C:\xampp\htdocs\harapanbaru\protected\modules\admin\controllers\PartController.php(86): PartController->render()
#7 C:\xampp\htdocs\tryyii\framework\web\actions\CInlineAction.php(49): PartController->actionCreate()
#8 C:\xampp\htdocs\tryyii\framework\web\CController.php(308): CInlineAction->runWithParams()
#9 C:\xampp\htdocs\tryyii\framework\web\filters\CFilterChain.php(133): PartController->runAction()
#10 C:\xampp\htdocs\tryyii\framework\web\filters\CFilter.php(40): CFilterChain->run()
#11 C:\xampp\htdocs\tryyii\framework\web\CController.php(1145): CAccessControlFilter->filter()
#12 C:\xampp\htdocs\tryyii\framework\web\filters\CInlineFilter.php(58): PartController->filterAccessControl()
#13 C:\xampp\htdocs\tryyii\framework\web\filters\CFilterChain.php(130): CInlineFilter->filter()
#14 C:\xampp\htdocs\tryyii\framework\web\CController.php(291): CFilterChain->run()
#15 C:\xampp\htdocs\tryyii\framework\web\CController.php(265): PartController->runActionWithFilters()
#16 C:\xampp\htdocs\tryyii\framework\web\CWebApplication.php(282): PartController->run()
#17 C:\xampp\htdocs\tryyii\framework\web\CWebApplication.php(141): CWebApplication->runController()
#18 C:\xampp\htdocs\tryyii\framework\base\CApplication.php(185): CWebApplication->processRequest()
#19 C:\xampp\htdocs\harapanbaru\index.php(19): CWebApplication->run()
REQUEST_URI=/index.php?r=admin/part/create
in C:\xampp\htdocs\harapanbaru\protected\modules\admin\views\part\_form.php (41)
in C:\xampp\htdocs\harapanbaru\protected\modules\admin\views\part\create.php (27)
in C:\xampp\htdocs\harapanbaru\protected\modules\admin\controllers\PartController.php (86)
